<?xml version="1.0" encoding="UTF-8"?>
<robot generator="Robot 6.1.1 (Python 3.12.0 on win32)" generated="20231216 08:38:26.699" rpa="false" schemaversion="4">
<suite id="s1" name="Test" source="C:\REZA PUSPITA\basic-automation\project-demo\test.robot">
<test id="s1-t1" name="testcase-1" line="24">
<kw name="Open Browser" library="SeleniumLibrary">
<arg>https://www.lumosestate.com</arg>
<arg>firefox</arg>
<doc>Opens a new browser instance to the optional ``url``.</doc>
<msg timestamp="20231216 08:38:27.104" level="INFO">Opening browser 'firefox' to base url 'https://www.lumosestate.com'.</msg>
<status status="PASS" starttime="20231216 08:38:27.104" endtime="20231216 08:39:19.332"/>
</kw>
<kw name="Close Browser" library="SeleniumLibrary">
<doc>Closes the current browser.</doc>
<status status="PASS" starttime="20231216 08:39:19.333" endtime="20231216 08:39:23.406"/>
</kw>
<status status="PASS" starttime="20231216 08:38:27.104" endtime="20231216 08:39:23.407"/>
</test>
<status status="PASS" starttime="20231216 08:38:26.703" endtime="20231216 08:39:23.409"/>
</suite>
<statistics>
<total>
<stat pass="1" fail="0" skip="0">All Tests</stat>
</total>
<tag>
</tag>
<suite>
<stat pass="1" fail="0" skip="0" id="s1" name="Test">Test</stat>
</suite>
</statistics>
<errors>
</errors>
</robot>
